<?xml version="1.0" encoding="UTF-8"?>
<!-- Generated by org.testng.reporters.JUnitReportReporter -->
<testsuite hostname="shankars-mbp.xebiaindia.local" name="demo.SeGridTest" tests="3" failures="0" timestamp="21 Sep 2016 09:38:49 GMT" time="0.717" errors="0">
  <testcase name="testBmiCalculator" time="0.273" classname="demo.SeGridTest"/>
  <testcase name="testBmiCalculator" time="0.284" classname="demo.SeGridTest"/>
  <testcase name="testBmiCalculator" time="0.160" classname="demo.SeGridTest"/>
</testsuite> <!-- demo.SeGridTest -->
